app/build/intermediates/proguard-rules/release/aapt_rules.txt
# view res/layout/design_navigation_item.xml #generated:17
-keep class android.support.design.internal.NavigationMenuItemView { <init>(...); }

# view res/layout/design_navigation_menu.xml #generated:17
-keep class android.support.design.internal.NavigationMenuView { <init>(...); }

# view res/layout/activity_about.xml #generated:23
# view res/layout/app_bar_main.xml #generated:24
-keep class android.support.design.widget.AppBarLayout { <init>(...); }

# view res/layout/design_text_input_password_icon.xml #generated:18
-keep class android.support.design.widget.CheckableImageButton { <init>(...); }

# view res/layout/activity_about.xml #generated:31
-keep class android.support.design.widget.CollapsingToolbarLayout { <init>(...); }

# view res/layout/activity_about.xml #generated:15
# view res/layout/app_bar_main.xml #generated:15
# view res/layout/design_bottom_sheet_dialog.xml #generated:17
-keep class android.support.design.widget.CoordinatorLayout { <init>(...); }

# view res/layout/reboot_item.xml #generated:23
-keep class android.support.design.widget.FloatingActionButton { <init>(...); }

# view res/layout/activity_main.xml #generated:17
-keep class android.support.design.widget.NavigationView { <init>(...); }

# view res/layout/design_layout_snackbar.xml #generated:18
# view sw600dp-v13\res/layout-sw600dp-v13/design_layout_snackbar.xml #generated:18
-keep class android.support.design.widget.Snackbar$SnackbarLayout { <init>(...); }

# view res/layout/activity_main.xml #generated:2
-keep class android.support.v4.widget.DrawerLayout { <init>(...); }

# view res/layout/abc_alert_dialog_material.xml #generated:75
# view res/layout/about_activity_content.xml #generated:15
-keep class android.support.v4.widget.NestedScrollView { <init>(...); }

# view res/layout/abc_alert_dialog_button_bar_material.xml #generated:39
-keep class android.support.v4.widget.Space { <init>(...); }

# view res/layout/abc_action_menu_item_layout.xml #generated:17
-keep class android.support.v7.view.menu.ActionMenuItemView { <init>(...); }

# view res/layout/abc_expanded_menu_layout.xml #generated:17
-keep class android.support.v7.view.menu.ExpandedMenuView { <init>(...); }

# view res/layout/abc_list_menu_item_layout.xml #generated:17
# view res/layout/abc_popup_menu_item_layout.xml #generated:17
-keep class android.support.v7.view.menu.ListMenuItemView { <init>(...); }

# view res/layout/abc_screen_toolbar.xml #generated:27
-keep class android.support.v7.widget.ActionBarContainer { <init>(...); }

# view res/layout/abc_action_mode_bar.xml #generated:19
# view res/layout/abc_screen_toolbar.xml #generated:43
-keep class android.support.v7.widget.ActionBarContextView { <init>(...); }

# view res/layout/abc_screen_toolbar.xml #generated:17
-keep class android.support.v7.widget.ActionBarOverlayLayout { <init>(...); }

# view res/layout/abc_action_menu_layout.xml #generated:17
-keep class android.support.v7.widget.ActionMenuView { <init>(...); }

# view res/layout/abc_activity_chooser_view.xml #generated:19
-keep class android.support.v7.widget.ActivityChooserView$InnerLayout { <init>(...); }

# view res/layout/abc_alert_dialog_button_bar_material.xml #generated:18
-keep class android.support.v7.widget.ButtonBarLayout { <init>(...); }

# view res/layout/about_activity_content.xml #generated:32
-keep class android.support.v7.widget.CardView { <init>(...); }

# view res/layout/abc_screen_content_include.xml #generated:19
-keep class android.support.v7.widget.ContentFrameLayout { <init>(...); }

# view res/layout/abc_alert_dialog_material.xml #generated:48
-keep class android.support.v7.widget.DialogTitle { <init>(...); }

# view res/layout/abc_screen_simple_overlay_action_mode.xml #generated:23
-keep class android.support.v7.widget.FitWindowsFrameLayout { <init>(...); }

# view res/layout/abc_dialog_title_material.xml #generated:22
# view res/layout/abc_screen_simple.xml #generated:17
-keep class android.support.v7.widget.FitWindowsLinearLayout { <init>(...); }

# view res/layout/abc_search_view.xml #generated:75
-keep class android.support.v7.widget.SearchView$SearchAutoComplete { <init>(...); }

# view res/layout/abc_screen_toolbar.xml #generated:36
# view res/layout/activity_about.xml #generated:57
# view res/layout/app_bar_main.xml #generated:29
# view res/layout/nested_preference_toolbar_layout.xml #generated:15
-keep class android.support.v7.widget.Toolbar { <init>(...); }

# view res/layout/abc_screen_simple.xml #generated:25
# view res/layout/abc_screen_simple_overlay_action_mode.xml #generated:32
-keep class android.support.v7.widget.ViewStubCompat { <init>(...); }

# view AndroidManifest.xml #generated:44
-keep class com.wubydax.romcontrol.v2.AboutActivity { <init>(...); }

# view AndroidManifest.xml #generated:34
-keep class com.wubydax.romcontrol.v2.MainActivity { <init>(...); }

# view AndroidManifest.xml #generated:19
-keep class com.wubydax.romcontrol.v2.MyApp { <init>(...); }

# view land\res/layout-land/dialog_color_picker.xml #generated:60
# view land\res/layout-land/dialog_color_picker.xml #generated:75
# view res/layout/dialog_color_picker.xml #generated:67
# view res/layout/dialog_color_picker.xml #generated:82
-keep class com.wubydax.romcontrol.v2.prefs.ColorPickerPanelView { <init>(...); }

# view res/xml/custom_backgrounds_prefs.xml #generated:18
# view res/xml/custom_backgrounds_prefs.xml #generated:19
# view res/xml/lockscreen_prefs.xml #generated:13
# view res/xml/notification_panel_prefs.xml #generated:10
# view res/xml/notification_panel_prefs.xml #generated:14
# view res/xml/notification_panel_prefs.xml #generated:15
# view res/xml/notification_panel_prefs.xml #generated:16
# view res/xml/notification_panel_prefs.xml #generated:20
# view res/xml/notification_panel_prefs.xml #generated:28
# view res/xml/notification_panel_prefs.xml #generated:40
# view res/xml/notification_panel_prefs.xml #generated:45
# view res/xml/notification_panel_prefs.xml #generated:46
# view res/xml/notification_panel_prefs.xml #generated:47
# view res/xml/notification_panel_prefs.xml #generated:48
# view res/xml/notification_panel_prefs.xml #generated:49
# view res/xml/notification_panel_prefs.xml #generated:53
# view res/xml/notification_panel_prefs.xml #generated:54
# view res/xml/notification_panel_prefs.xml #generated:55
# view res/xml/notification_panel_prefs.xml #generated:56
# view res/xml/notification_panel_prefs.xml #generated:57
# view res/xml/notification_panel_prefs.xml #generated:58
# view res/xml/notification_panel_prefs.xml #generated:59
# view res/xml/notification_panel_prefs.xml #generated:64
# view res/xml/notification_panel_prefs.xml #generated:65
# view res/xml/notification_panel_prefs.xml #generated:66
# view res/xml/notification_panel_prefs.xml #generated:67
# view res/xml/notification_panel_prefs.xml #generated:68
# view res/xml/notification_panel_prefs.xml #generated:69
# view res/xml/notification_panel_prefs.xml #generated:9
# view res/xml/phone_prefs.xml #generated:20
# view res/xml/phone_prefs.xml #generated:21
# view res/xml/systemui.xml #generated:32
# view res/xml/systemui.xml #generated:36
# view res/xml/systemui.xml #generated:43
# view res/xml/systemui.xml #generated:44
# view res/xml/systemui.xml #generated:68
# view res/xml/systemui.xml #generated:69
# view res/xml/systemui.xml #generated:70
# view res/xml/systemui.xml #generated:71
# view res/xml/systemui.xml #generated:72
# view res/xml/systemui.xml #generated:73
# view res/xml/systemui.xml #generated:74
# view res/xml/systemui.xml #generated:75
# view res/xml/systemui.xml #generated:76
# view res/xml/systemui.xml #generated:77
-keep class com.wubydax.romcontrol.v2.prefs.ColorPickerPreference { <init>(...); }

# view land\res/layout-land/dialog_color_picker.xml #generated:25
# view res/layout/dialog_color_picker.xml #generated:26
-keep class com.wubydax.romcontrol.v2.prefs.ColorPickerView { <init>(...); }

# view res/xml/systemui.xml #generated:81
-keep class com.wubydax.romcontrol.v2.prefs.IntentDialogPreference { <init>(...); }

# view res/xml/systemui.xml #generated:48
# view res/xml/systemui.xml #generated:49
# view res/xml/systemui.xml #generated:50
# view res/xml/systemui.xml #generated:53
# view res/xml/systemui.xml #generated:54
# view res/xml/systemui.xml #generated:55
# view res/xml/systemui.xml #generated:58
# view res/xml/systemui.xml #generated:59
# view res/xml/systemui.xml #generated:60
# view res/xml/systemui.xml #generated:64
-keep class com.wubydax.romcontrol.v2.prefs.MyCheckBoxPreference { <init>(...); }

# view res/xml/lockscreen_prefs.xml #generated:14
# view res/xml/notification_panel_prefs.xml #generated:42
# view res/xml/systemui.xml #generated:37
-keep class com.wubydax.romcontrol.v2.prefs.MyEditTextPreference { <init>(...); }

# view res/xml/custom_backgrounds_prefs.xml #generated:10
# view res/xml/custom_backgrounds_prefs.xml #generated:15
# view res/xml/custom_backgrounds_prefs.xml #generated:20
# view res/xml/launcher.xml #generated:29
# view res/xml/lockscreen_prefs.xml #generated:9
# view res/xml/notification_panel_prefs.xml #generated:21
# view res/xml/notification_panel_prefs.xml #generated:22
# view res/xml/notification_panel_prefs.xml #generated:41
# view res/xml/phone_prefs.xml #generated:12
# view res/xml/phone_prefs.xml #generated:17
# view res/xml/phone_prefs.xml #generated:22
# view res/xml/systemui.xml #generated:12
# view res/xml/systemui.xml #generated:13
# view res/xml/systemui.xml #generated:25
# view res/xml/systemui.xml #generated:28
# view res/xml/systemui.xml #generated:30
# view res/xml/systemui.xml #generated:31
# view res/xml/systemui.xml #generated:84
# view res/xml/systemui.xml #generated:85
# view res/xml/systemui.xml #generated:86
# view res/xml/systemui.xml #generated:87
# view res/xml/systemui.xml #generated:89
# view res/xml/systemui.xml #generated:90
# view res/xml/systemui.xml #generated:91
-keep class com.wubydax.romcontrol.v2.prefs.MyListPreference { <init>(...); }

# view res/xml/custom_backgrounds_prefs.xml #generated:11
# view res/xml/notification_panel_prefs.xml #generated:26
# view res/xml/notification_panel_prefs.xml #generated:27
# view res/xml/phone_prefs.xml #generated:13
# view res/xml/systemui.xml #generated:14
# view res/xml/systemui.xml #generated:88
-keep class com.wubydax.romcontrol.v2.prefs.MySeekBarPreference { <init>(...); }

# view res/xml/custom_backgrounds_prefs.xml #generated:8
# view res/xml/launcher.xml #generated:20
# view res/xml/lockscreen_prefs.xml #generated:11
# view res/xml/lockscreen_prefs.xml #generated:12
# view res/xml/lockscreen_prefs.xml #generated:17
# view res/xml/lockscreen_prefs.xml #generated:18
# view res/xml/lockscreen_prefs.xml #generated:21
# view res/xml/lockscreen_prefs.xml #generated:8
# view res/xml/notification_panel_prefs.xml #generated:13
# view res/xml/notification_panel_prefs.xml #generated:19
# view res/xml/notification_panel_prefs.xml #generated:25
# view res/xml/notification_panel_prefs.xml #generated:31
# view res/xml/notification_panel_prefs.xml #generated:34
# view res/xml/notification_panel_prefs.xml #generated:37
# view res/xml/notification_panel_prefs.xml #generated:39
# view res/xml/notification_panel_prefs.xml #generated:52
# view res/xml/notification_panel_prefs.xml #generated:62
# view res/xml/notification_panel_prefs.xml #generated:63
# view res/xml/notification_panel_prefs.xml #generated:72
# view res/xml/notification_panel_prefs.xml #generated:8
# view res/xml/phone_prefs.xml #generated:10
# view res/xml/systemui.xml #generated:11
# view res/xml/systemui.xml #generated:35
# view res/xml/systemui.xml #generated:40
# view res/xml/systemui.xml #generated:67
# view res/xml/systemui.xml #generated:80
# view res/xml/systemui.xml #generated:82
# view res/xml/systemui.xml #generated:83
# view res/xml/systemui.xml #generated:94
# view res/xml/systemui.xml #generated:95
-keep class com.wubydax.romcontrol.v2.prefs.MySwitchPreference { <init>(...); }

# view res/xml/launcher.xml #generated:26
# view res/xml/launcher.xml #generated:31
# view res/xml/launcher.xml #generated:32
# view res/xml/launcher.xml #generated:33
# view res/xml/launcher.xml #generated:36
# view res/xml/systemui.xml #generated:96
# view res/xml/systemui.xml #generated:97
# view res/xml/systemui.xml #generated:98
# view res/xml/useful_apps_prefs.xml #generated:10
# view res/xml/useful_apps_prefs.xml #generated:8
# view res/xml/useful_apps_prefs.xml #generated:9
-keep class com.wubydax.romcontrol.v2.prefs.OpenAppPreference { <init>(...); }

# view res/xml/lockscreen_prefs.xml #generated:24
# view res/xml/notification_panel_prefs.xml #generated:73
# view res/xml/systemui.xml #generated:17
# view res/xml/systemui.xml #generated:18
# view res/xml/systemui.xml #generated:21
# view res/xml/systemui.xml #generated:22
-keep class com.wubydax.romcontrol.v2.prefs.ThumbnailListPreference { <init>(...); }

# view res/xml/custom_backgrounds_prefs.xml #generated:14
# view res/xml/phone_prefs.xml #generated:16
-keep class com.wubydax.romcontrol.v2.prefs.UriSelectionPreference { <init>(...); }

# view AndroidManifest.xml #generated:49
-keep class com.wubydax.romcontrol.v2.utils.BackupRestoreIntentService { <init>(...); }

# view land\res/layout-land/reboot_layout.xml #generated:40
# view land\res/layout-land/reboot_layout.xml #generated:51
# view land\res/layout-land/reboot_layout.xml #generated:62
# view res/layout/reboot_layout.xml #generated:40
# view res/layout/reboot_layout.xml #generated:49
# view res/layout/reboot_layout.xml #generated:58
-keep class com.wubydax.romcontrol.v2.views.RebootView { <init>(...); }

# view res/layout/about_contact_us_item.xml #generated:24
# view res/layout/about_people_item.xml #generated:21
-keep class de.hdodenhof.circleimageview.CircleImageView { <init>(...); }

# onClick res/layout/about_contact_us_item.xml #generated:15
# onClick res/layout/about_people_item.xml #generated:15
-keepclassmembers class * { *** onClick(...); }