app/build/outputs/mapping/release/seeds.txt
com.wubydax.romcontrol.v2.AboutActivity
com.wubydax.romcontrol.v2.AboutActivity: AboutActivity()
com.wubydax.romcontrol.v2.AboutActivity: void onClick(android.view.View)
com.wubydax.romcontrol.v2.MainActivity
com.wubydax.romcontrol.v2.MainActivity: MainActivity()
com.wubydax.romcontrol.v2.MyApp
com.wubydax.romcontrol.v2.MyApp: MyApp()
com.wubydax.romcontrol.v2.PrefsFragment$1: void onClick(android.view.View)
com.wubydax.romcontrol.v2.R$anim: int abc_fade_in
com.wubydax.romcontrol.v2.R$anim: int abc_fade_out
com.wubydax.romcontrol.v2.R$anim: int abc_grow_fade_in_from_bottom
com.wubydax.romcontrol.v2.R$anim: int abc_popup_enter
com.wubydax.romcontrol.v2.R$anim: int abc_popup_exit
com.wubydax.romcontrol.v2.R$anim: int abc_shrink_fade_out_from_bottom
com.wubydax.romcontrol.v2.R$anim: int abc_slide_in_bottom
com.wubydax.romcontrol.v2.R$anim: int abc_slide_in_top
com.wubydax.romcontrol.v2.R$anim: int abc_slide_out_bottom
com.wubydax.romcontrol.v2.R$anim: int abc_slide_out_top
com.wubydax.romcontrol.v2.R$anim: int design_appbar_state_list_animator
com.wubydax.romcontrol.v2.R$anim: int design_bottom_sheet_slide_in
com.wubydax.romcontrol.v2.R$anim: int design_bottom_sheet_slide_out
com.wubydax.romcontrol.v2.R$anim: int design_fab_in
com.wubydax.romcontrol.v2.R$anim: int design_fab_out
com.wubydax.romcontrol.v2.R$anim: int design_snackbar_in
com.wubydax.romcontrol.v2.R$anim: int design_snackbar_out
com.wubydax.romcontrol.v2.R$anim: int fade_in
com.wubydax.romcontrol.v2.R$anim: int fade_out
com.wubydax.romcontrol.v2.R$animator: int fadein
com.wubydax.romcontrol.v2.R$animator: int fadeout
com.wubydax.romcontrol.v2.R$array: int SignalPositionName
com.wubydax.romcontrol.v2.R$array: int SignalPositionValue
com.wubydax.romcontrol.v2.R$array: int about_contact_us_drawables
com.wubydax.romcontrol.v2.R$array: int about_contact_us_links
com.wubydax.romcontrol.v2.R$array: int about_contact_us_text
com.wubydax.romcontrol.v2.R$array: int about_credits_drawables
com.wubydax.romcontrol.v2.R$array: int about_credits_links
com.wubydax.romcontrol.v2.R$array: int about_credits_names
com.wubydax.romcontrol.v2.R$array: int about_team_drawables
com.wubydax.romcontrol.v2.R$array: int about_team_links
com.wubydax.romcontrol.v2.R$array: int about_team_names
com.wubydax.romcontrol.v2.R$array: int ambient_light_entries
com.wubydax.romcontrol.v2.R$array: int ambient_light_values
com.wubydax.romcontrol.v2.R$array: int backup_restore_items
com.wubydax.romcontrol.v2.R$array: int battery_bar_entries
com.wubydax.romcontrol.v2.R$array: int battery_bar_style_entries
com.wubydax.romcontrol.v2.R$array: int battery_bar_style_values
com.wubydax.romcontrol.v2.R$array: int battery_bar_thickness_entries
com.wubydax.romcontrol.v2.R$array: int battery_bar_thickness_values
com.wubydax.romcontrol.v2.R$array: int battery_bar_values
com.wubydax.romcontrol.v2.R$array: int button_key_light_entries
com.wubydax.romcontrol.v2.R$array: int button_key_light_values
com.wubydax.romcontrol.v2.R$array: int carrier_entries
com.wubydax.romcontrol.v2.R$array: int carrier_entry_values
...
android.support.design.internal.NavigationMenuItemView
android.support.design.internal.NavigationMenuItemView: NavigationMenuItemView(android.content.Context)
android.support.design.internal.NavigationMenuItemView: NavigationMenuItemView(android.content.Context,android.util.AttributeSet)
android.support.design.internal.NavigationMenuItemView: NavigationMenuItemView(android.content.Context,android.util.AttributeSet,int)
android.support.design.internal.NavigationMenuItemView: void setActionView(android.view.View)
android.support.design.internal.NavigationMenuItemView: android.support.v7.view.menu.MenuItemImpl getItemData()
android.support.design.internal.NavigationMenuItemView: void setTitle(java.lang.CharSequence)
android.support.design.internal.NavigationMenuItemView: void setCheckable(boolean)
android.support.design.internal.NavigationMenuItemView: void setChecked(boolean)
android.support.design.internal.NavigationMenuItemView: void setIcon(android.graphics.drawable.Drawable)
android.support.design.internal.NavigationMenuItemView: void setIconTintList(android.content.res.ColorStateList)
android.support.design.internal.NavigationMenuItemView: void setTextColor(android.content.res.ColorStateList)
android.support.design.internal.NavigationMenuItemView: void setNeedsEmptyIcon(boolean)
android.support.design.internal.NavigationMenuPresenter$1: void onClick(android.view.View)
android.support.design.internal.NavigationMenuView
android.support.design.internal.NavigationMenuView: NavigationMenuView(android.content.Context)
android.support.design.internal.NavigationMenuView: NavigationMenuView(android.content.Context,android.util.AttributeSet)
android.support.design.internal.NavigationMenuView: NavigationMenuView(android.content.Context,android.util.AttributeSet,int)
android.support.design.internal.NavigationMenuView: int getWindowAnimations()
android.support.design.internal.ParcelableSparseArray: android.os.Parcelable$Creator CREATOR
android.support.design.internal.ScrimInsetsFrameLayout: ScrimInsetsFrameLayout(android.content.Context)
android.support.design.internal.ScrimInsetsFrameLayout: ScrimInsetsFrameLayout(android.content.Context,android.util.AttributeSet)
android.support.design.internal.ScrimInsetsFrameLayout: ScrimInsetsFrameLayout(android.content.Context,android.util.AttributeSet,int)
android.support.design.widget.AppBarLayout
android.support.design.widget.AppBarLayout: AppBarLayout(android.content.Context)
android.support.design.widget.AppBarLayout: AppBarLayout(android.content.Context,android.util.AttributeSet)
android.support.design.widget.AppBarLayout: void setOrientation(int)
android.support.design.widget.AppBarLayout: void setExpanded(boolean)
android.support.design.widget.AppBarLayout: int getTotalScrollRange()
android.support.design.widget.AppBarLayout: int getUpNestedPreScrollRange()
android.support.design.widget.AppBarLayout: int getDownNestedPreScrollRange()
android.support.design.widget.AppBarLayout: int getDownNestedScrollRange()
android.support.design.widget.AppBarLayout: int getMinimumHeightForVisibleOverlappingContent()
android.support.design.widget.AppBarLayout: void setTargetElevation(float)
android.support.design.widget.AppBarLayout: float getTargetElevation()
android.support.design.widget.AppBarLayout: int getPendingAction()
android.support.design.widget.AppBarLayout: int getTopInset()
android.support.design.widget.AppBarLayout$Behavior
android.support.design.widget.AppBarLayout$Behavior: AppBarLayout$Behavior()
android.support.design.widget.AppBarLayout$Behavior: AppBarLayout$Behavior(android.content.Context,android.util.AttributeSet)
android.support.design.widget.AppBarLayout$Behavior$SavedState: android.os.Parcelable$Creator CREATOR