app/build/outputs/mapping/release/mapping.txt
com.wubydax.romcontrol.v2.AboutActivity -> com.wubydax.romcontrol.v2.AboutActivity:
    java.lang.Integer[] mContactUsIds -> n
    java.lang.Integer[] mTeamIds -> o
    java.lang.Integer[] mCreditsIds -> p
    boolean $assertionsDisabled -> m
    void <init>() -> <init>
    void onCreate(android.os.Bundle) -> onCreate
    void setUpCreditsItems() -> e
    void setUpTeamItems() -> f
    void setUpAboutItems() -> g
    void onClick(android.view.View) -> onClick
    void <clinit>() -> <clinit>
com.wubydax.romcontrol.v2.MainActivity -> com.wubydax.romcontrol.v2.MainActivity:
    android.app.ProgressDialog mProgressDialog -> n
    android.app.FragmentManager mFragmentManager -> o
    android.content.SharedPreferences mSharedPreferences -> p
    java.util.ArrayList mNavMenuItemsIds -> q
    boolean $assertionsDisabled -> m
    void <init>() -> <init>
    void onCreate(android.os.Bundle) -> onCreate
    void setUpPrefsMenu(android.view.Menu) -> a
    void onBackPressed() -> onBackPressed
    boolean onCreateOptionsMenu(android.view.Menu) -> onCreateOptionsMenu
    boolean onOptionsItemSelected(android.view.MenuItem) -> onOptionsItemSelected
    boolean onNavigationItemSelected(android.view.MenuItem) -> a
    void launchBackupRestoreService(int,java.lang.String) -> a
    void loadPrefsFragment(java.lang.String) -> a
    void onTaskCompleted(boolean) -> b
    void onDialogResult(int) -> b
    void onBackupRestoreResult(int) -> c
    void onPause() -> onPause
    void onRestoreRequested(java.lang.String,boolean) -> a
    android.view.View getDecorView() -> e
    void <clinit>() -> <clinit>
com.wubydax.romcontrol.v2.MyApp -> com.wubydax.romcontrol.v2.MyApp:
    android.content.Context mContext -> a
    void <init>() -> <init>
    android.content.Context getContext() -> a
    void onCreate() -> onCreate
    void onLowMemory() -> onLowMemory
com.wubydax.romcontrol.v2.PrefsFragment -> com.wubydax.romcontrol.v2.a:
    java.lang.String LOG_TAG -> a
    android.content.Context mContext -> b
    android.content.SharedPreferences mSharedPreferences -> c
    java.lang.String mUriPreferenceKey -> d
    void <init>() -> <init>
    com.wubydax.romcontrol.v2.PrefsFragment newInstance(java.lang.String) -> a
    void onCreate(android.os.Bundle) -> onCreate
    void onActivityResult(int,int,android.content.Intent) -> onActivityResult
    void iteratePrefs(android.preference.PreferenceGroup) -> a
    boolean onPreferenceClick(android.preference.Preference) -> onPreferenceClick
    void onUriSelectionRequested(java.lang.String) -> b
    void <clinit>() -> <clinit>
com.wubydax.romcontrol.v2.PrefsFragment$1 -> com.wubydax.romcontrol.v2.a$1:
    android.app.Dialog val$dialog -> a
    com.wubydax.romcontrol.v2.PrefsFragment this$0 -> b
    void <init>(com.wubydax.romcontrol.v2.PrefsFragment,android.app.Dialog) -> <init>
    void onClick(android.view.View) -> onClick
com.wubydax.romcontrol.v2.R -> com.wubydax.romcontrol.v2.b:
...
android.support.design.widget.Snackbar -> android.support.design.widget.Snackbar:
    android.os.Handler sHandler -> d
    android.view.ViewGroup mTargetParent -> a
    android.support.design.widget.Snackbar$SnackbarLayout mView -> b
    android.view.accessibility.AccessibilityManager mAccessibilityManager -> e
    android.support.design.widget.SnackbarManager$Callback mManagerCallback -> c
    void animateViewIn() -> a
    void onViewShown() -> b
    void onViewHidden$13462e() -> c
    boolean shouldAnimate() -> d
    void access$000$3c6ac5fe(android.support.design.widget.Snackbar) -> a
    android.os.Handler access$100() -> e
    android.support.design.widget.SnackbarManager$Callback access$200(android.support.design.widget.Snackbar) -> b
    void access$300$3c6ac5fe(android.support.design.widget.Snackbar) -> c
    android.support.design.widget.Snackbar$SnackbarLayout access$400(android.support.design.widget.Snackbar) -> d
    boolean access$500(android.support.design.widget.Snackbar) -> e
    void access$600(android.support.design.widget.Snackbar) -> f
    void access$700(android.support.design.widget.Snackbar) -> g
    void <clinit>() -> <clinit>
android.support.design.widget.Snackbar$1 -> android.support.design.widget.Snackbar$1:
    void <init>() -> <init>
    boolean handleMessage(android.os.Message) -> handleMessage
android.support.design.widget.Snackbar$10 -> android.support.design.widget.Snackbar$2:
    int val$event -> a
    android.support.design.widget.Snackbar this$0 -> b
    void <init>(android.support.design.widget.Snackbar,int) -> <init>
    void onAnimationEnd(android.view.animation.Animation) -> onAnimationEnd
    void onAnimationStart(android.view.animation.Animation) -> onAnimationStart
    void onAnimationRepeat(android.view.animation.Animation) -> onAnimationRepeat
android.support.design.widget.Snackbar$4 -> android.support.design.widget.Snackbar$3:
    android.support.design.widget.Snackbar this$0 -> a
    void <init>(android.support.design.widget.Snackbar) -> <init>
    void onDismiss(android.view.View) -> a
    void onDragStateChanged(int) -> a
android.support.design.widget.Snackbar$5 -> android.support.design.widget.Snackbar$4:
    android.support.design.widget.Snackbar this$0 -> a
    void <init>(android.support.design.widget.Snackbar) -> <init>
    void onViewDetachedFromWindow$3c7ec8c3() -> a
android.support.design.widget.Snackbar$5$1 -> android.support.design.widget.Snackbar$4$1:
    android.support.design.widget.Snackbar$5 this$1 -> a
    void <init>(android.support.design.widget.Snackbar$5) -> <init>
    void run() -> run
android.support.design.widget.Snackbar$6 -> android.support.design.widget.Snackbar$5:
    android.support.design.widget.Snackbar this$0 -> a
    void <init>(android.support.design.widget.Snackbar) -> <init>
    void onLayoutChange$5b6f797d() -> a
android.support.design.widget.Snackbar$7 -> android.support.design.widget.Snackbar$6:
    android.support.design.widget.Snackbar this$0 -> a
    void <init>(android.support.design.widget.Snackbar) -> <init>
    void onAnimationStart(android.view.View) -> a
    void onAnimationEnd(android.view.View) -> b
android.support.design.widget.Snackbar$8 -> android.support.design.widget.Snackbar$7:
    android.support.design.widget.Snackbar this$0 -> a
    void <init>(android.support.design.widget.Snackbar) -> <init>
    void onAnimationEnd(android.view.animation.Animation) -> onAnimationEnd
    void onAnimationStart(android.view.animation.Animation) -> onAnimationStart
    void onAnimationRepeat(android.view.animation.Animation) -> onAnimationRepeat
android.support.design.widget.Snackbar$9 -> android.support.design.widget.Snackbar$8:
    int val$event -> a
    android.support.design.widget.Snackbar this$0 -> b
    void <init>(android.support.design.widget.Snackbar,int) -> <init>
    void onAnimationStart(android.view.View) -> a
    void onAnimationEnd(android.view.View) -> b