app/build/outputs/mapping/release/usage.txt
com.wubydax.romcontrol.v2.BuildConfig
com.wubydax.romcontrol.v2.R:
    10:10:public R()
com.wubydax.romcontrol.v2.R$anim
com.wubydax.romcontrol.v2.R$animator
com.wubydax.romcontrol.v2.R$array
com.wubydax.romcontrol.v2.R$attr
com.wubydax.romcontrol.v2.R$bool
com.wubydax.romcontrol.v2.R$color
com.wubydax.romcontrol.v2.R$dimen
com.wubydax.romcontrol.v2.R$drawable
com.wubydax.romcontrol.v2.R$id
com.wubydax.romcontrol.v2.R$integer
com.wubydax.romcontrol.v2.R$layout
com.wubydax.romcontrol.v2.R$menu
com.wubydax.romcontrol.v2.R$mipmap
com.wubydax.romcontrol.v2.R$raw
com.wubydax.romcontrol.v2.R$string
com.wubydax.romcontrol.v2.R$style
com.wubydax.romcontrol.v2.R$styleable:
    3914:3914:public R$styleable()
com.wubydax.romcontrol.v2.R$xml
com.wubydax.romcontrol.v2.prefs.ColorPickerDialog:
    178:178:public boolean getHexValueEnabled()
com.wubydax.romcontrol.v2.prefs.ColorPickerPanelView:
    private static final float BORDER_WIDTH_PX
com.wubydax.romcontrol.v2.prefs.ColorPickerPreference:
    294:296:public void setColor(int)
com.wubydax.romcontrol.v2.prefs.ColorPickerView:
    private static final int PANEL_SAT_VAL
    private static final int PANEL_HUE
    private static final int PANEL_ALPHA
    private static final float BORDER_WIDTH_PX
com.wubydax.romcontrol.v2.prefs.FilePreference
com.wubydax.romcontrol.v2.prefs.GlobalRestorePreference
com.wubydax.romcontrol.v2.prefs.ImageHeaderPreference
com.wubydax.romcontrol.v2.prefs.MyPreferenceCategory
com.wubydax.romcontrol.v2.prefs.RunScriptPreference
com.wubydax.romcontrol.v2.prefs.RunScriptPreference$1
com.wubydax.romcontrol.v2.prefs.RunScriptPreference$2
com.wubydax.romcontrol.v2.prefs.ThumbnailListPreference:
    158:158:public java.lang.CharSequence[] getEntries()
    162:163:public void setEntries(java.lang.CharSequence[])
    166:166:public java.lang.CharSequence[] getEntryValues()
    170:171:public void setEntryValues(java.lang.CharSequence[])
    174:174:public android.graphics.drawable.Drawable[] getDrawableArray()
    178:179:public void setDrawableArray(android.graphics.drawable.Drawable[])
com.wubydax.romcontrol.v2.prefs.UriSelectionPreference:
    49:49:public com.wubydax.romcontrol.v2.prefs.UriSelectionPreference$OnUriSelectionRequestedListener getOnUriSelectionRequestedListener()
com.wubydax.romcontrol.v2.utils.BackupRestoreIntentService$LocalReceiver:
    static final java.lang.String BACKUP_COMPLETE_ACTION
    static final java.lang.String RESTORE_COMPLETE_ACTION
com.wubydax.romcontrol.v2.utils.Constants:
    static final java.lang.String DIALOG_REQUEST_CODE_KEY
    static final java.lang.String DIALOG_RESTORE_IS_CONFIRM_REQUIRED
    static final java.lang.String SCRIPTS_FOLDER
    public static final java.lang.String BACKUP_FILE_PATH_EXTRA_KEY
    public static final java.lang.String FIRST_LAUNCH_KEY
    public static final java.lang.String LAST_FRAGMENT
    public static final java.lang.String PREF_NAME_KEY
    public static final java.lang.String SERVICE_INTENT_ACTION_BACKUP
    public static final java.lang.String SERVICE_INTENT_ACTION_RESTORE
    public static final java.lang.String THEME_PREF_KEY
    public static final int BACKUP_OR_RESTORE_DIALOG_REQUEST_CODE
    public static final int CHANGELOG_DIALOG_REQUEST_CODE
    public static final int NO_SU_DIALOG_REQUEST_CODE
    public static final int REBOOT_MENU_DIALOG_REQUEST_CODE
    public static final int RESTORE_FILE_SELECTOR_DIALOG_REQUEST_CODE
    public static final int THEME_DIALOG_REQUEST_CODE
    22:22:public Constants()
com.wubydax.romcontrol.v2.utils.Utils:
    private static final java.lang.String LOG_TAG
    51:51:public Utils()
    160:168:private static float getDegreesForRotation(int)
...
android.support.v4.widget.EdgeEffectCompatLollipop:
    22:22:EdgeEffectCompatLollipop()
android.support.v4.widget.ExploreByTouchHelper
android.support.v4.widget.ExploreByTouchHelper$1
android.support.v4.widget.ExploreByTouchHelper$2
android.support.v4.widget.ExploreByTouchHelper$MyNodeProvider
android.support.v4.widget.FocusStrategy
android.support.v4.widget.FocusStrategy$BoundsAdapter
android.support.v4.widget.FocusStrategy$CollectionAdapter
android.support.v4.widget.FocusStrategy$SequentialComparator
android.support.v4.widget.ListPopupWindowCompat
android.support.v4.widget.ListPopupWindowCompat$BaseListPopupWindowImpl
android.support.v4.widget.ListPopupWindowCompat$KitKatListPopupWindowImpl
android.support.v4.widget.ListPopupWindowCompat$ListPopupWindowImpl
android.support.v4.widget.ListPopupWindowCompatKitKat
android.support.v4.widget.ListViewCompat:
    43:43:private ListViewCompat()
android.support.v4.widget.ListViewCompatGingerbread:
    23:23:ListViewCompatGingerbread()
android.support.v4.widget.ListViewCompatKitKat:
    22:22:ListViewCompatKitKat()
android.support.v4.widget.MaterialProgressDrawable
android.support.v4.widget.MaterialProgressDrawable$1
android.support.v4.widget.MaterialProgressDrawable$2
android.support.v4.widget.MaterialProgressDrawable$3
android.support.v4.widget.MaterialProgressDrawable$ProgressDrawableSize
android.support.v4.widget.MaterialProgressDrawable$Ring
android.support.v4.widget.NestedScrollView:
    static final int ANIMATED_SCROLL_GAP
    static final float MAX_SCROLL_FACTOR
    private static final java.lang.String TAG
    private static final int INVALID_POINTER
    435:435:public boolean isFillViewport()
    457:457:public boolean isSmoothScrollingEnabled()
android.support.v4.widget.PopupMenuCompat
android.support.v4.widget.PopupMenuCompat$BasePopupMenuImpl
android.support.v4.widget.PopupMenuCompat$KitKatPopupMenuImpl
android.support.v4.widget.PopupMenuCompat$PopupMenuImpl
android.support.v4.widget.PopupMenuCompatKitKat
android.support.v4.widget.PopupWindowCompat:
    184:186:private PopupWindowCompat()
    226:226:public static boolean getOverlapAnchor(android.widget.PopupWindow)
    248:248:public static int getWindowLayoutType(android.widget.PopupWindow)
android.support.v4.widget.PopupWindowCompat$Api21PopupWindowImpl:
    141:141:public boolean getOverlapAnchor(android.widget.PopupWindow)
android.support.v4.widget.PopupWindowCompat$Api23PopupWindowImpl:
    153:153:public boolean getOverlapAnchor(android.widget.PopupWindow)
    163:163:public int getWindowLayoutType(android.widget.PopupWindow)
android.support.v4.widget.PopupWindowCompat$BasePopupWindowImpl:
    private static java.lang.reflect.Method sGetWindowLayoutTypeMethod
    private static boolean sGetWindowLayoutTypeMethodAttempted
    73:73:public boolean getOverlapAnchor(android.widget.PopupWindow)
    100:118:public int getWindowLayoutType(android.widget.PopupWindow)
android.support.v4.widget.PopupWindowCompat$PopupWindowImpl:
    public abstract boolean getOverlapAnchor(android.widget.PopupWindow)
    public abstract int getWindowLayoutType(android.widget.PopupWindow)
android.support.v4.widget.PopupWindowCompatApi21:
    private static final java.lang.String TAG
    24:24:PopupWindowCompatApi21()
    50:57:static boolean getOverlapAnchor(android.widget.PopupWindow)
android.support.v4.widget.PopupWindowCompatApi23:
    21:21:PopupWindowCompatApi23()
    28:28:static boolean getOverlapAnchor(android.widget.PopupWindow)
    36:36:static int getWindowLayoutType(android.widget.PopupWindow)
android.support.v4.widget.PopupWindowCompatKitKat:
    27:27:PopupWindowCompatKitKat()
android.support.v4.widget.ResourceCursorAdapter:
    54:57:public ResourceCursorAdapter(android.content.Context,int,android.database.Cursor)
    99:102:public ResourceCursorAdapter(android.content.Context,int,android.database.Cursor,int)
    126:127:public void setViewResource(int)
    135:136:public void setDropDownViewResource(int)